0 info it worked if it ends with ok
1 verbose cli [ '/usr/local/bin/node',
1 verbose cli   '/usr/local/bin/npm',
1 verbose cli   'install',
1 verbose cli   '-g',
1 verbose cli   'express-generator' ]
2 info using npm@2.7.4
3 info using node@v0.12.2
4 silly cache add args [ 'express-generator', null ]
5 verbose cache add spec express-generator
6 silly cache add parsed spec { raw: 'express-generator',
6 silly cache add   scope: null,
6 silly cache add   name: 'express-generator',
6 silly cache add   rawSpec: '',
6 silly cache add   spec: '*',
6 silly cache add   type: 'range' }
7 verbose addNamed express-generator@*
8 silly addNamed semver.valid null
9 silly addNamed semver.validRange *
10 silly addNameRange { name: 'express-generator', range: '*', hasData: false }
11 silly mapToRegistry name express-generator
12 silly mapToRegistry using default registry
13 silly mapToRegistry registry https://registry.npmjs.org/
14 silly mapToRegistry uri https://registry.npmjs.org/express-generator
15 verbose addNameRange registry:https://registry.npmjs.org/express-generator not in flight; fetching
16 verbose request uri https://registry.npmjs.org/express-generator
17 verbose request no auth needed
18 info attempt registry request try #1 at 20:10:56
19 verbose request id 3253b02006f8a24f
20 http request GET https://registry.npmjs.org/express-generator
21 http 200 https://registry.npmjs.org/express-generator
22 silly get cb [ 200,
22 silly get   { date: 'Wed, 22 Apr 2015 12:10:58 GMT',
22 silly get     server: 'CouchDB/1.5.0 (Erlang OTP/R16B03)',
22 silly get     etag: '"3TI97QC0GH2OK1K5YNJAOHR21"',
22 silly get     'content-type': 'application/json',
22 silly get     'cache-control': 'max-age=60',
22 silly get     'content-length': '25564',
22 silly get     'accept-ranges': 'bytes',
22 silly get     via: '1.1 varnish',
22 silly get     age: '0',
22 silly get     'x-served-by': 'cache-nrt6123-NRT',
22 silly get     'x-cache': 'HIT',
22 silly get     'x-cache-hits': '1',
22 silly get     'x-timer': 'S1429704658.176991,VS0,VE660',
22 silly get     vary: 'Accept',
22 silly get     'keep-alive': 'timeout=10, max=50',
22 silly get     connection: 'Keep-Alive' } ]
23 verbose get saving express-generator to /home/firefaith/.npm/registry.npmjs.org/express-generator/.cache.json
24 verbose getCacheStat cache creation not in flight; initializing
25 silly addNameRange number 2 { name: 'express-generator', range: '*', hasData: true }
26 silly addNameRange versions [ 'express-generator',
26 silly addNameRange   [ '1.0.0',
26 silly addNameRange     '3.0.0',
26 silly addNameRange     '4.0.0',
26 silly addNameRange     '4.2.0',
26 silly addNameRange     '4.8.0',
26 silly addNameRange     '4.9.0',
26 silly addNameRange     '4.10.0',
26 silly addNameRange     '4.11.0',
26 silly addNameRange     '4.11.1',
26 silly addNameRange     '4.11.2',
26 silly addNameRange     '4.12.0',
26 silly addNameRange     '4.12.1' ] ]
27 verbose addNamed express-generator@4.12.1
28 silly addNamed semver.valid 4.12.1
29 silly addNamed semver.validRange 4.12.1
30 silly mapToRegistry name express-generator
31 silly mapToRegistry using default registry
32 silly mapToRegistry registry https://registry.npmjs.org/
33 silly mapToRegistry uri https://registry.npmjs.org/express-generator
34 verbose addRemoteTarball https://registry.npmjs.org/express-generator/-/express-generator-4.12.1.tgz not in flight; adding
35 verbose addRemoteTarball [ 'https://registry.npmjs.org/express-generator/-/express-generator-4.12.1.tgz',
35 verbose addRemoteTarball   '79852114d5fc42b9b8f7690567b155ebdf17a246' ]
36 info retry fetch attempt 1 at 20:10:59
37 info attempt registry request try #1 at 20:10:59
38 http fetch GET https://registry.npmjs.org/express-generator/-/express-generator-4.12.1.tgz
39 http fetch 200 https://registry.npmjs.org/express-generator/-/express-generator-4.12.1.tgz
40 silly fetchAndShaCheck shasum 79852114d5fc42b9b8f7690567b155ebdf17a246
41 verbose addTmpTarball /tmp/npm-28020-a668fa2b/registry.npmjs.org/express-generator/-/express-generator-4.12.1.tgz not in flight; adding
42 verbose addTmpTarball already have metadata; skipping unpack for express-generator@4.12.1
43 silly cache afterAdd express-generator@4.12.1
44 verbose afterAdd /home/firefaith/.npm/express-generator/4.12.1/package/package.json not in flight; writing
45 verbose afterAdd /home/firefaith/.npm/express-generator/4.12.1/package/package.json written
46 silly install resolved [ { name: 'express-generator',
46 silly install resolved     description: 'Express\' application generator',
46 silly install resolved     version: '4.12.1',
46 silly install resolved     author: { name: 'TJ Holowaychuk', email: 'tj@vision-media.ca' },
46 silly install resolved     contributors: [ [Object], [Object], [Object], [Object], [Object], [Object] ],
46 silly install resolved     keywords:
46 silly install resolved      [ 'express',
46 silly install resolved        'framework',
46 silly install resolved        'sinatra',
46 silly install resolved        'web',
46 silly install resolved        'rest',
46 silly install resolved        'restful',
46 silly install resolved        'router',
46 silly install resolved        'app',
46 silly install resolved        'api' ],
46 silly install resolved     repository: { type: 'git', url: 'https://github.com/expressjs/generator' },
46 silly install resolved     license: 'MIT',
46 silly install resolved     dependencies: { commander: '2.6.0', mkdirp: '0.5.0', 'sorted-object': '1.0.0' },
46 silly install resolved     main: 'bin/express',
46 silly install resolved     preferGlobal: true,
46 silly install resolved     bin: { express: './bin/express' },
46 silly install resolved     devDependencies: { mocha: '~2.1.0', rimraf: '~2.2.8', supertest: '~0.15.0' },
46 silly install resolved     engines: { node: '>= 0.10' },
46 silly install resolved     files: [ 'LICENSE', 'bin/', 'templates/' ],
46 silly install resolved     scripts:
46 silly install resolved      { test: 'mocha --reporter spec --bail --check-leaks test/',
46 silly install resolved        'test-ci': 'mocha --reporter spec --check-leaks test/' },
46 silly install resolved     gitHead: 'd9674537f819db269aa54b241a5436fbbf4f2fe0',
46 silly install resolved     bugs: { url: 'https://github.com/expressjs/generator/issues' },
46 silly install resolved     homepage: 'https://github.com/expressjs/generator',
46 silly install resolved     _id: 'express-generator@4.12.1',
46 silly install resolved     _shasum: '79852114d5fc42b9b8f7690567b155ebdf17a246',
46 silly install resolved     _from: 'express-generator@*',
46 silly install resolved     _npmVersion: '1.4.28',
46 silly install resolved     _npmUser: { name: 'dougwilson', email: 'doug@somethingdoug.com' },
46 silly install resolved     maintainers: [ [Object], [Object], [Object], [Object], [Object], [Object] ],
46 silly install resolved     dist:
46 silly install resolved      { shasum: '79852114d5fc42b9b8f7690567b155ebdf17a246',
46 silly install resolved        tarball: 'http://registry.npmjs.org/express-generator/-/express-generator-4.12.1.tgz' },
46 silly install resolved     directories: {},
46 silly install resolved     _resolved: 'https://registry.npmjs.org/express-generator/-/express-generator-4.12.1.tgz' } ]
47 info install express-generator@4.12.1 into /usr/local/lib
48 info installOne express-generator@4.12.1
49 verbose installOne of express-generator to /usr/local/lib not in flight; installing
50 verbose lock using /home/firefaith/.npm/_locks/express-generator-d3cc1706f4adef09.lock for /usr/local/lib/node_modules/express-generator
51 silly install write writing express-generator 4.12.1 to /usr/local/lib/node_modules/express-generator
52 silly cache addNamed cb express-generator@4.12.1
53 verbose unbuild lib/node_modules/express-generator
54 silly gentlyRm /usr/local/lib/node_modules/express-generator is being purged from base /usr/local
55 verbose gentlyRm don't care about contents; nuking /usr/local/lib/node_modules/express-generator
56 verbose tar unpack /home/firefaith/.npm/express-generator/4.12.1/package.tgz
57 verbose tar unpacking to /usr/local/lib/node_modules/express-generator
58 silly gentlyRm /usr/local/lib/node_modules/express-generator is being purged
59 verbose gentlyRm don't care about contents; nuking /usr/local/lib/node_modules/express-generator
60 silly gunzTarPerm modes [ '775', '664' ]
61 error tar.unpack untar error /home/firefaith/.npm/express-generator/4.12.1/package.tgz
62 verbose unlock done using /home/firefaith/.npm/_locks/express-generator-d3cc1706f4adef09.lock for /usr/local/lib/node_modules/express-generator
63 verbose fstream_path /usr/local/lib/node_modules/express-generator
64 verbose fstream_type Directory
65 verbose fstream_class DirWriter
66 verbose stack Error: EACCES, mkdir '/usr/local/lib/node_modules/express-generator'
66 verbose stack     at Error (native)
67 verbose fstream_stack /usr/local/lib/node_modules/npm/node_modules/fstream/lib/dir-writer.js:36:23
67 verbose fstream_stack /usr/local/lib/node_modules/npm/node_modules/mkdirp/index.js:46:53
67 verbose fstream_stack FSReqWrap.oncomplete (fs.js:95:15)
68 verbose cwd /home/firefaith/wordcloud
69 error Linux 3.13.0-45-generic
70 error argv "/usr/local/bin/node" "/usr/local/bin/npm" "install" "-g" "express-generator"
71 error node v0.12.2
72 error npm  v2.7.4
73 error path /usr/local/lib/node_modules/express-generator
74 error code EACCES
75 error errno -13
76 error Error: EACCES, mkdir '/usr/local/lib/node_modules/express-generator'
76 error     at Error (native)
76 error  { [Error: EACCES, mkdir '/usr/local/lib/node_modules/express-generator']
76 error   errno: -13,
76 error   code: 'EACCES',
76 error   path: '/usr/local/lib/node_modules/express-generator',
76 error   fstream_type: 'Directory',
76 error   fstream_path: '/usr/local/lib/node_modules/express-generator',
76 error   fstream_class: 'DirWriter',
76 error   fstream_stack:
76 error    [ '/usr/local/lib/node_modules/npm/node_modules/fstream/lib/dir-writer.js:36:23',
76 error      '/usr/local/lib/node_modules/npm/node_modules/mkdirp/index.js:46:53',
76 error      'FSReqWrap.oncomplete (fs.js:95:15)' ] }
77 error Please try running this command again as root/Administrator.
78 verbose exit [ -13, true ]
79 verbose unbuild lib/node_modules/express-generator
80 silly gentlyRm /usr/local/lib/node_modules/express-generator is being purged from base /usr/local
81 verbose gentlyRm don't care about contents; nuking /usr/local/lib/node_modules/express-generator
